[debug] [2025-12-03T06:38:27.232Z] ----------------------------------------------------------------------
[debug] [2025-12-03T06:38:27.246Z] Command:       C:\Program Files\nodejs\node.exe C:\Users\VISION COMPUTERS\AppData\Roaming\npm\node_modules\firebase-tools\lib\bin\firebase.js init functions
[debug] [2025-12-03T06:38:27.247Z] CLI Version:   14.26.0
[debug] [2025-12-03T06:38:27.247Z] Platform:      win32
[debug] [2025-12-03T06:38:27.248Z] Node Version:  v22.21.0
[debug] [2025-12-03T06:38:27.248Z] Time:          Wed Dec 03 2025 12:08:27 GMT+0530 (India Standard Time)
[debug] [2025-12-03T06:38:27.249Z] ----------------------------------------------------------------------
[debug] 
[info] 
     ######## #### ########  ######## ########     ###     ######  ########
     ##        ##  ##     ## ##       ##     ##  ##   ##  ##       ##
     ######    ##  ########  ######   ########  #########  ######  ######
     ##        ##  ##    ##  ##       ##     ## ##     ##       ## ##
     ##       #### ##     ## ######## ########  ##     ##  ######  ########

You're about to initialize a Firebase project in this directory:

  D:\New folder\OneDrive\Desktop\CMMS_MADAMPE

[info] 
=== Project Setup
[info] 
[info] First, let's associate this project directory with a Firebase project.
[info] You can create multiple project aliases by running firebase use --add, 
[info] 
[info] i  If you want to create a project in a Google Cloud organization or folder, please use "firebase projects:create" instead, and return to this command when you've created the project. 
[debug] [2025-12-03T06:38:56.878Z] > command requires scopes: ["email","openid","https://www.googleapis.com/auth/cloudplatformprojects.readonly","https://www.googleapis.com/auth/firebase","https://www.googleapis.com/auth/cloud-platform"]
[debug] [2025-12-03T06:38:56.879Z] > authorizing via signed-in user (malshani1214@gmail.com)
